{"contracts/Engine.sol":{"l":{"54":2,"55":2,"56":2,"57":2,"61":1,"62":1,"63":1,"69":1,"73":1,"74":1,"75":1,"76":0,"78":1,"80":1,"81":1,"82":1,"86":5,"87":5,"88":5,"93":1,"97":0,"102":0,"106":0,"107":0,"108":0,"109":0,"110":0,"111":0,"112":0,"113":0,"114":0,"123":0,"132":0,"133":0},"path":"/Users/willharborne/Desktop/EFX/repos/nec-engine/contracts/Engine.sol","s":{"1":2,"2":2,"3":2,"4":2,"5":1,"6":1,"7":1,"8":1,"9":1,"10":1,"11":1,"12":0,"13":1,"14":1,"15":1,"16":1,"17":5,"18":5,"19":5,"20":1,"21":0,"22":0,"23":0,"24":0,"25":0,"26":0,"27":0,"28":0,"29":0,"30":0,"31":0,"32":0,"33":0,"34":0},"b":{"1":[1,0],"2":[1,0],"3":[0,1],"4":[0,0],"5":[0,0],"6":[0,0]},"f":{"1":2,"2":1,"3":1,"4":5,"5":1,"6":0,"7":0,"8":0,"9":0,"10":0,"11":0,"12":0},"fnMap":{"1":{"name":"constructor","line":53,"loc":{"start":{"line":53,"column":4},"end":{"line":53,"column":49}}},"2":{"name":"payFeesInEther","line":60,"loc":{"start":{"line":60,"column":4},"end":{"line":60,"column":44}}},"3":{"name":"thaw","line":68,"loc":{"start":{"line":68,"column":4},"end":{"line":68,"column":26}}},"4":{"name":"percentageMultiplier","line":85,"loc":{"start":{"line":85,"column":4},"end":{"line":85,"column":60}}},"5":{"name":"enginePrice","line":92,"loc":{"start":{"line":92,"column":4},"end":{"line":92,"column":51}}},"6":{"name":"ethPayoutForNecAmount","line":96,"loc":{"start":{"line":96,"column":4},"end":{"line":96,"column":75}}},"7":{"name":"sellAndBurnNec","line":101,"loc":{"start":{"line":101,"column":4},"end":{"line":101,"column":50}}},"8":{"name":"necToken","line":118,"loc":{"start":{"line":118,"column":4},"end":{"line":122,"column":5}}},"9":{"name":"getNextPriceChange","line":129,"loc":{"start":{"line":129,"column":4},"end":{"line":131,"column":37}}},"10":{"name":"getNextAuction","line":136,"loc":{"start":{"line":136,"column":4},"end":{"line":140,"column":11}}},"11":{"name":"getEthAuctioned","line":144,"loc":{"start":{"line":144,"column":4},"end":{"line":144,"column":73}}},"12":{"name":"getNecBurned","line":148,"loc":{"start":{"line":148,"column":4},"end":{"line":148,"column":70}}}},"statementMap":{"1":{"start":{"line":54,"column":8},"end":{"line":54,"column":33}},"2":{"start":{"line":55,"column":8},"end":{"line":55,"column":28}},"3":{"start":{"line":56,"column":8},"end":{"line":56,"column":26}},"4":{"start":{"line":57,"column":8},"end":{"line":57,"column":23}},"5":{"start":{"line":61,"column":8},"end":{"line":61,"column":61}},"6":{"start":{"line":62,"column":8},"end":{"line":62,"column":47}},"7":{"start":{"line":63,"column":8},"end":{"line":63,"column":32}},"8":{"start":{"line":69,"column":8},"end":{"line":69,"column":2318}},"9":{"start":{"line":73,"column":8},"end":{"line":73,"column":58}},"10":{"start":{"line":74,"column":8},"end":{"line":74,"column":33}},"11":{"start":{"line":75,"column":8},"end":{"line":75,"column":2545}},"12":{"start":{"line":76,"column":10},"end":{"line":76,"column":39}},"13":{"start":{"line":78,"column":10},"end":{"line":78,"column":37}},"14":{"start":{"line":80,"column":8},"end":{"line":80,"column":49}},"15":{"start":{"line":81,"column":8},"end":{"line":81,"column":30}},"16":{"start":{"line":82,"column":8},"end":{"line":82,"column":22}},"17":{"start":{"line":86,"column":8},"end":{"line":86,"column":67}},"18":{"start":{"line":87,"column":8},"end":{"line":87,"column":37}},"19":{"start":{"line":88,"column":8},"end":{"line":88,"column":53}},"20":{"start":{"line":93,"column":8},"end":{"line":93,"column":61}},"21":{"start":{"line":97,"column":8},"end":{"line":97,"column":73}},"22":{"start":{"line":102,"column":8},"end":{"line":102,"column":3475}},"23":{"start":{"line":106,"column":8},"end":{"line":106,"column":57}},"24":{"start":{"line":107,"column":8},"end":{"line":107,"column":41}},"25":{"start":{"line":108,"column":8},"end":{"line":108,"column":52}},"26":{"start":{"line":109,"column":8},"end":{"line":109,"column":75}},"27":{"start":{"line":110,"column":8},"end":{"line":110,"column":47}},"28":{"start":{"line":111,"column":8},"end":{"line":111,"column":53}},"29":{"start":{"line":112,"column":8},"end":{"line":112,"column":37}},"30":{"start":{"line":113,"column":8},"end":{"line":113,"column":44}},"31":{"start":{"line":114,"column":8},"end":{"line":114,"column":28}},"32":{"start":{"line":123,"column":8},"end":{"line":123,"column":40}},"33":{"start":{"line":132,"column":6},"end":{"line":132,"column":17}},"34":{"start":{"line":133,"column":6},"end":{"line":133,"column":30}}},"branchMap":{"1":{"line":69,"type":"if","locations":[{"start":{"line":69,"column":8},"end":{"line":69,"column":8}},{"start":{"line":69,"column":8},"end":{"line":69,"column":8}}]},"2":{"line":73,"type":"if","locations":[{"start":{"line":73,"column":8},"end":{"line":73,"column":8}},{"start":{"line":73,"column":8},"end":{"line":73,"column":8}}]},"3":{"line":75,"type":"if","locations":[{"start":{"line":75,"column":8},"end":{"line":75,"column":8}},{"start":{"line":75,"column":8},"end":{"line":75,"column":8}}]},"4":{"line":102,"type":"if","locations":[{"start":{"line":102,"column":8},"end":{"line":102,"column":8}},{"start":{"line":102,"column":8},"end":{"line":102,"column":8}}]},"5":{"line":108,"type":"if","locations":[{"start":{"line":108,"column":8},"end":{"line":108,"column":8}},{"start":{"line":108,"column":8},"end":{"line":108,"column":8}}]},"6":{"line":109,"type":"if","locations":[{"start":{"line":109,"column":8},"end":{"line":109,"column":8}},{"start":{"line":109,"column":8},"end":{"line":109,"column":8}}]}}},"contracts/SimpleNEC.sol":{"l":{"9":0,"10":0,"14":3,"15":3},"path":"/Users/willharborne/Desktop/EFX/repos/nec-engine/contracts/SimpleNEC.sol","s":{"1":0,"2":0,"3":3,"4":3},"b":{},"f":{"1":0,"2":3},"fnMap":{"1":{"name":"burnAndRetrieve","line":8,"loc":{"start":{"line":8,"column":2},"end":{"line":8,"column":79}}},"2":{"name":"mint","line":13,"loc":{"start":{"line":13,"column":2},"end":{"line":13,"column":78}}}},"statementMap":{"1":{"start":{"line":9,"column":6},"end":{"line":9,"column":37}},"2":{"start":{"line":10,"column":6},"end":{"line":10,"column":19}},"3":{"start":{"line":14,"column":6},"end":{"line":14,"column":27}},"4":{"start":{"line":15,"column":6},"end":{"line":15,"column":19}}},"branchMap":{}}}