{"contracts/Engine.sol":{"l":{"58":2,"59":2,"60":2,"61":2,"65":13,"66":13,"67":13,"73":14,"77":12,"78":10,"79":10,"80":2,"82":8,"84":10,"85":10,"86":10,"88":10,"89":10,"93":20,"97":19,"102":13,"106":5,"111":11,"115":5,"116":5,"117":5,"118":5,"119":5,"120":5,"121":5,"122":5,"123":5,"132":16,"142":1,"143":1,"144":1,"152":2,"153":2,"154":2,"155":1,"157":1},"path":"/Users/willharborne/Desktop/EFX/repos/nec-engine/contracts/Engine.sol","s":{"1":2,"2":2,"3":2,"4":2,"5":13,"6":13,"7":13,"8":14,"9":12,"10":10,"11":10,"12":2,"13":8,"14":10,"15":10,"16":10,"17":10,"18":20,"19":19,"20":13,"21":5,"22":11,"23":5,"24":5,"25":5,"26":5,"27":5,"28":5,"29":5,"30":5,"31":5,"32":16,"33":1,"34":1,"35":1,"36":2,"37":2,"38":2,"39":1,"40":1},"b":{"1":[12,2],"2":[10,2],"3":[2,8],"4":[5,6],"5":[5,0],"6":[5,0],"7":[1,1]},"f":{"1":2,"2":13,"3":14,"4":20,"5":19,"6":13,"7":5,"8":11,"9":16,"10":1,"11":2},"fnMap":{"1":{"name":"constructor","line":57,"loc":{"start":{"line":57,"column":4},"end":{"line":57,"column":49}}},"2":{"name":"payFeesInEther","line":64,"loc":{"start":{"line":64,"column":4},"end":{"line":64,"column":44}}},"3":{"name":"thaw","line":72,"loc":{"start":{"line":72,"column":4},"end":{"line":72,"column":26}}},"4":{"name":"getPriceWindow","line":92,"loc":{"start":{"line":92,"column":4},"end":{"line":92,"column":61}}},"5":{"name":"percentageMultiplier","line":96,"loc":{"start":{"line":96,"column":4},"end":{"line":96,"column":60}}},"6":{"name":"enginePrice","line":101,"loc":{"start":{"line":101,"column":4},"end":{"line":101,"column":51}}},"7":{"name":"ethPayoutForNecAmount","line":105,"loc":{"start":{"line":105,"column":4},"end":{"line":105,"column":75}}},"8":{"name":"sellAndBurnNec","line":110,"loc":{"start":{"line":110,"column":4},"end":{"line":110,"column":50}}},"9":{"name":"necToken","line":127,"loc":{"start":{"line":127,"column":4},"end":{"line":131,"column":5}}},"10":{"name":"getNextPriceChange","line":138,"loc":{"start":{"line":138,"column":4},"end":{"line":141,"column":5}}},"11":{"name":"getNextAuction","line":147,"loc":{"start":{"line":147,"column":4},"end":{"line":151,"column":11}}}},"statementMap":{"1":{"start":{"line":58,"column":8},"end":{"line":58,"column":33}},"2":{"start":{"line":59,"column":8},"end":{"line":59,"column":28}},"3":{"start":{"line":60,"column":8},"end":{"line":60,"column":26}},"4":{"start":{"line":61,"column":8},"end":{"line":61,"column":59}},"5":{"start":{"line":65,"column":8},"end":{"line":65,"column":61}},"6":{"start":{"line":66,"column":8},"end":{"line":66,"column":47}},"7":{"start":{"line":67,"column":8},"end":{"line":67,"column":32}},"8":{"start":{"line":73,"column":8},"end":{"line":73,"column":2526}},"9":{"start":{"line":77,"column":8},"end":{"line":77,"column":58}},"10":{"start":{"line":78,"column":8},"end":{"line":78,"column":33}},"11":{"start":{"line":79,"column":8},"end":{"line":79,"column":2753}},"12":{"start":{"line":80,"column":10},"end":{"line":80,"column":39}},"13":{"start":{"line":82,"column":10},"end":{"line":82,"column":37}},"14":{"start":{"line":84,"column":8},"end":{"line":84,"column":49}},"15":{"start":{"line":85,"column":8},"end":{"line":85,"column":30}},"16":{"start":{"line":86,"column":8},"end":{"line":86,"column":22}},"17":{"start":{"line":88,"column":8},"end":{"line":88,"column":77}},"18":{"start":{"line":93,"column":6},"end":{"line":93,"column":68}},"19":{"start":{"line":97,"column":8},"end":{"line":97,"column":64}},"20":{"start":{"line":102,"column":8},"end":{"line":102,"column":61}},"21":{"start":{"line":106,"column":8},"end":{"line":106,"column":73}},"22":{"start":{"line":111,"column":8},"end":{"line":111,"column":3836}},"23":{"start":{"line":115,"column":8},"end":{"line":115,"column":57}},"24":{"start":{"line":116,"column":8},"end":{"line":116,"column":41}},"25":{"start":{"line":117,"column":8},"end":{"line":117,"column":52}},"26":{"start":{"line":118,"column":8},"end":{"line":118,"column":75}},"27":{"start":{"line":119,"column":8},"end":{"line":119,"column":47}},"28":{"start":{"line":120,"column":8},"end":{"line":120,"column":53}},"29":{"start":{"line":121,"column":8},"end":{"line":121,"column":37}},"30":{"start":{"line":122,"column":8},"end":{"line":122,"column":44}},"31":{"start":{"line":123,"column":8},"end":{"line":123,"column":60}},"32":{"start":{"line":132,"column":8},"end":{"line":132,"column":40}},"33":{"start":{"line":142,"column":8},"end":{"line":142,"column":46}},"34":{"start":{"line":143,"column":8},"end":{"line":143,"column":87}},"35":{"start":{"line":144,"column":8},"end":{"line":144,"column":61}},"36":{"start":{"line":152,"column":8},"end":{"line":152,"column":53}},"37":{"start":{"line":153,"column":8},"end":{"line":153,"column":42}},"38":{"start":{"line":154,"column":8},"end":{"line":154,"column":5279}},"39":{"start":{"line":155,"column":10},"end":{"line":155,"column":56}},"40":{"start":{"line":157,"column":10},"end":{"line":157,"column":50}}},"branchMap":{"1":{"line":73,"type":"if","locations":[{"start":{"line":73,"column":8},"end":{"line":73,"column":8}},{"start":{"line":73,"column":8},"end":{"line":73,"column":8}}]},"2":{"line":77,"type":"if","locations":[{"start":{"line":77,"column":8},"end":{"line":77,"column":8}},{"start":{"line":77,"column":8},"end":{"line":77,"column":8}}]},"3":{"line":79,"type":"if","locations":[{"start":{"line":79,"column":8},"end":{"line":79,"column":8}},{"start":{"line":79,"column":8},"end":{"line":79,"column":8}}]},"4":{"line":111,"type":"if","locations":[{"start":{"line":111,"column":8},"end":{"line":111,"column":8}},{"start":{"line":111,"column":8},"end":{"line":111,"column":8}}]},"5":{"line":117,"type":"if","locations":[{"start":{"line":117,"column":8},"end":{"line":117,"column":8}},{"start":{"line":117,"column":8},"end":{"line":117,"column":8}}]},"6":{"line":118,"type":"if","locations":[{"start":{"line":118,"column":8},"end":{"line":118,"column":8}},{"start":{"line":118,"column":8},"end":{"line":118,"column":8}}]},"7":{"line":154,"type":"if","locations":[{"start":{"line":154,"column":8},"end":{"line":154,"column":8}},{"start":{"line":154,"column":8},"end":{"line":154,"column":8}}]}}},"contracts/SimpleNEC.sol":{"l":{"9":5,"10":5,"14":3,"15":3},"path":"/Users/willharborne/Desktop/EFX/repos/nec-engine/contracts/SimpleNEC.sol","s":{"1":5,"2":5,"3":3,"4":3},"b":{},"f":{"1":5,"2":3},"fnMap":{"1":{"name":"burnAndRetrieve","line":8,"loc":{"start":{"line":8,"column":2},"end":{"line":8,"column":79}}},"2":{"name":"mint","line":13,"loc":{"start":{"line":13,"column":2},"end":{"line":13,"column":78}}}},"statementMap":{"1":{"start":{"line":9,"column":6},"end":{"line":9,"column":37}},"2":{"start":{"line":10,"column":6},"end":{"line":10,"column":19}},"3":{"start":{"line":14,"column":6},"end":{"line":14,"column":27}},"4":{"start":{"line":15,"column":6},"end":{"line":15,"column":19}}},"branchMap":{}}}