TN:
SF:/Users/willharborne/Desktop/EFX/repos/nec-engine/contracts/Engine.sol
FN:56,constructor
FN:63,payFeesInEther
FN:71,thaw
FN:93,getPriceWindow
FN:97,percentageMultiplier
FN:102,enginePrice
FN:106,ethPayoutForNecAmount
FN:111,sellAndBurnNec
FN:132,necToken
FN:143,getNextPriceChange
FN:152,getNextAuction
FN:166,getCurrentAuction
FNF:12
FNH:12
FNDA:2,constructor
FNDA:17,payFeesInEther
FNDA:17,thaw
FNDA:48,getPriceWindow
FNDA:40,percentageMultiplier
FNDA:28,enginePrice
FNDA:10,ethPayoutForNecAmount
FNDA:16,sellAndBurnNec
FNDA:22,necToken
FNDA:6,getNextPriceChange
FNDA:2,getNextAuction
FNDA:5,getCurrentAuction
DA:57,2
DA:58,2
DA:59,2
DA:60,2
DA:64,17
DA:65,17
DA:66,17
DA:72,17
DA:76,15
DA:77,13
DA:78,13
DA:79,2
DA:81,11
DA:83,13
DA:84,13
DA:85,13
DA:86,13
DA:89,13
DA:90,13
DA:94,48
DA:98,40
DA:103,28
DA:107,10
DA:112,16
DA:113,1
DA:114,1
DA:116,15
DA:120,9
DA:121,9
DA:122,9
DA:123,9
DA:124,7
DA:125,7
DA:126,7
DA:127,7
DA:128,7
DA:137,22
DA:147,6
DA:148,6
DA:149,6
DA:157,2
DA:158,2
DA:159,2
DA:160,1
DA:162,1
DA:175,5
DA:176,5
DA:177,5
DA:178,5
DA:179,5
DA:180,5
DA:181,5
DA:182,5
LF:53
LH:53
BRDA:72,1,0,15
BRDA:72,1,1,2
BRDA:76,2,0,13
BRDA:76,2,1,2
BRDA:78,3,0,2
BRDA:78,3,1,11
BRDA:112,4,0,1
BRDA:112,4,1,15
BRDA:116,5,0,9
BRDA:116,5,1,6
BRDA:122,6,0,9
BRDA:122,6,1,0
BRDA:123,7,0,7
BRDA:123,7,1,2
BRDA:159,8,0,1
BRDA:159,8,1,1
BRF:16
BRH:15
end_of_record
TN:
SF:/Users/willharborne/Desktop/EFX/repos/nec-engine/contracts/SimpleNEC.sol
FN:8,burnAndRetrieve
FN:13,mint
FNF:2
FNH:2
FNDA:7,burnAndRetrieve
FNDA:3,mint
DA:9,7
DA:10,7
DA:14,3
DA:15,3
LF:4
LH:4
BRF:0
BRH:0
end_of_record
