TN:
SF:/Users/willharborne/Desktop/EFX/repos/nec-engine/contracts/Engine.sol
FN:57,constructor
FN:64,payFeesInEther
FN:72,thaw
FN:92,getPriceWindow
FN:96,percentageMultiplier
FN:101,enginePrice
FN:105,ethPayoutForNecAmount
FN:110,sellAndBurnNec
FN:127,necToken
FN:138,getNextPriceChange
FN:147,getNextAuction
FNF:11
FNH:11
FNDA:2,constructor
FNDA:13,payFeesInEther
FNDA:14,thaw
FNDA:20,getPriceWindow
FNDA:19,percentageMultiplier
FNDA:13,enginePrice
FNDA:5,ethPayoutForNecAmount
FNDA:11,sellAndBurnNec
FNDA:16,necToken
FNDA:1,getNextPriceChange
FNDA:2,getNextAuction
DA:58,2
DA:59,2
DA:60,2
DA:61,2
DA:65,13
DA:66,13
DA:67,13
DA:73,14
DA:77,12
DA:78,10
DA:79,10
DA:80,2
DA:82,8
DA:84,10
DA:85,10
DA:86,10
DA:88,10
DA:89,10
DA:93,20
DA:97,19
DA:102,13
DA:106,5
DA:111,11
DA:115,5
DA:116,5
DA:117,5
DA:118,5
DA:119,5
DA:120,5
DA:121,5
DA:122,5
DA:123,5
DA:132,16
DA:142,1
DA:143,1
DA:144,1
DA:152,2
DA:153,2
DA:154,2
DA:155,1
DA:157,1
LF:41
LH:41
BRDA:73,1,0,12
BRDA:73,1,1,2
BRDA:77,2,0,10
BRDA:77,2,1,2
BRDA:79,3,0,2
BRDA:79,3,1,8
BRDA:111,4,0,5
BRDA:111,4,1,6
BRDA:117,5,0,5
BRDA:117,5,1,0
BRDA:118,6,0,5
BRDA:118,6,1,0
BRDA:154,7,0,1
BRDA:154,7,1,1
BRF:14
BRH:12
end_of_record
TN:
SF:/Users/willharborne/Desktop/EFX/repos/nec-engine/contracts/SimpleNEC.sol
FN:8,burnAndRetrieve
FN:13,mint
FNF:2
FNH:2
FNDA:5,burnAndRetrieve
FNDA:3,mint
DA:9,5
DA:10,5
DA:14,3
DA:15,3
LF:4
LH:4
BRF:0
BRH:0
end_of_record
